<?xml version="1.0" encoding="UTF-8"?>
<testsuite xmlns:xsi="http://www.w3.org/2001/XMLSchema-instance" xsi:schemaLocation="https://maven.apache.org/surefire/maven-surefire-plugin/xsd/surefire-test-report.xsd" name="myRunners.TestRunner" time="84.227" tests="12" errors="0" skipped="0" failures="0">
  <properties>
[...]
</properties>
  <testcase name="Given Launch &quot;https://s.hongleongconnect.my/rib/app/fo/login&quot; on &quot;chrome&quot; browser(| https://s.hongleongconnect.my/rib/app/fo/login | chrome | 1234567898765432 | 1234567892 | New IC Number " classname="Given Launch &quot;https://s.hongleongconnect.my/rib/app/fo/login&quot; on &quot;chrome&quot; browser(| https://s.hongleongconnect.my/rib/app/fo/login | chrome | 1234567898765432 | 1234567892 | New IC Number (Green) | 123456789123 | ebh3c |)" time="0.008"/>
  <testcase name="When I click on Register for Online Banking button on login page(| https://s.hongleongconnect.my/rib/app/fo/login | chrome | 1234567898765432 | 1234567892 | New IC Number " classname="When I click on Register for Online Banking button on login page(| https://s.hongleongconnect.my/rib/app/fo/login | chrome | 1234567898765432 | 1234567892 | New IC Number (Green) | 123456789123 | ebh3c |)" time="0"/>
  <testcase name="And select Hong Leong Credit Card option(| https://s.hongleongconnect.my/rib/app/fo/login | chrome | 1234567898765432 | 1234567892 | New IC Number " classname="And select Hong Leong Credit Card option(| https://s.hongleongconnect.my/rib/app/fo/login | chrome | 1234567898765432 | 1234567892 | New IC Number (Green) | 123456789123 | ebh3c |)" time="0"/>
  <testcase name="And I click on Register Now button from first step(| https://s.hongleongconnect.my/rib/app/fo/login | chrome | 1234567898765432 | 1234567892 | New IC Number " classname="And I click on Register Now button from first step(| https://s.hongleongconnect.my/rib/app/fo/login | chrome | 1234567898765432 | 1234567892 | New IC Number (Green) | 123456789123 | ebh3c |)" time="0"/>
  <testcase name="When I select Verification ID on second step(| https://s.hongleongconnect.my/rib/app/fo/login | chrome | 1234567898765432 | 1234567892 | New IC Number " classname="When I select Verification ID on second step(| https://s.hongleongconnect.my/rib/app/fo/login | chrome | 1234567898765432 | 1234567892 | New IC Number (Green) | 123456789123 | ebh3c |)" time="0"/>
  <testcase name="And I enter any &quot;1234567898765432&quot; in principal card number field(| https://s.hongleongconnect.my/rib/app/fo/login | chrome | 1234567898765432 | 1234567892 | New IC Number " classname="And I enter any &quot;1234567898765432&quot; in principal card number field(| https://s.hongleongconnect.my/rib/app/fo/login | chrome | 1234567898765432 | 1234567892 | New IC Number (Green) | 123456789123 | ebh3c |)" time="0"/>
  <testcase name="And I enter any &quot;1234567892&quot; in temporary id field(| https://s.hongleongconnect.my/rib/app/fo/login | chrome | 1234567898765432 | 1234567892 | New IC Number " classname="And I enter any &quot;1234567892&quot; in temporary id field(| https://s.hongleongconnect.my/rib/app/fo/login | chrome | 1234567898765432 | 1234567892 | New IC Number (Green) | 123456789123 | ebh3c |)" time="0"/>
  <testcase name="And I select any &quot;New IC Number (Green)&quot;(| https://s.hongleongconnect.my/rib/app/fo/login | chrome | 1234567898765432 | 1234567892 | New IC Number " classname="And I select any &quot;New IC Number (Green)&quot;(| https://s.hongleongconnect.my/rib/app/fo/login | chrome | 1234567898765432 | 1234567892 | New IC Number (Green) | 123456789123 | ebh3c |)" time="0"/>
  <testcase name="And I enter any &quot;123456789123&quot; in ID number field(| https://s.hongleongconnect.my/rib/app/fo/login | chrome | 1234567898765432 | 1234567892 | New IC Number " classname="And I enter any &quot;123456789123&quot; in ID number field(| https://s.hongleongconnect.my/rib/app/fo/login | chrome | 1234567898765432 | 1234567892 | New IC Number (Green) | 123456789123 | ebh3c |)" time="0"/>
  <testcase name="When I enter &quot;ebh3c&quot; and click on next button(| https://s.hongleongconnect.my/rib/app/fo/login | chrome | 1234567898765432 | 1234567892 | New IC Number " classname="When I enter &quot;ebh3c&quot; and click on next button(| https://s.hongleongconnect.my/rib/app/fo/login | chrome | 1234567898765432 | 1234567892 | New IC Number (Green) | 123456789123 | ebh3c |)" time="0"/>
  <testcase name="Then validate the user friendly message on the current step(| https://s.hongleongconnect.my/rib/app/fo/login | chrome | 1234567898765432 | 1234567892 | New IC Number " classname="Then validate the user friendly message on the current step(| https://s.hongleongconnect.my/rib/app/fo/login | chrome | 1234567898765432 | 1234567892 | New IC Number (Green) | 123456789123 | ebh3c |)" time="0"/>
  <testcase name="| https://s.hongleongconnect.my/rib/app/fo/login | chrome | 1234567898765432 | 1234567892 | New IC Number " classname="| https://s.hongleongconnect.my/rib/app/fo/login | chrome | 1234567898765432 | 1234567892 | New IC Number (Green) | 123456789123 | ebh3c |" time="0.568"/>
</testsuite>