<?xml version="1.0" encoding="UTF-8"?>
<!-- Generated by org.testng.reporters.JUnitXMLReporter -->
<testsuite hostname="GANGADHAR-PC" name="Dependency Test" tests="4" failures="1" timestamp="14 Sep 2019 10:56:55 GMT" time="0.018" errors="0">
  <testcase name="doUserReg" time="0.002" classname="testcases.testcase3">
    <failure type="java.lang.AssertionError" message="User not registered successfully">
      <![CDATA[java.lang.AssertionError: User not registered successfully
	at testcases.testcase3.doUserReg(testcase3.java:10)
... Removed 27 stack frames]]>
    </failure>
  </testcase> <!-- doUserReg -->
  <testcase name="doLogin" time="0.0" classname="testcases.testcase3">
    <skipped/>
  </testcase> <!-- doLogin -->
  <testcase name="thirdTest" time="0.001" classname="testcases.testcase3"/>
  <testcase name="fourth" time="0.0" classname="testcases.testcase3">
    <skipped/>
  </testcase> <!-- fourth -->
</testsuite> <!-- Dependency Test -->
