<?xml version="1.0" encoding="UTF-8"?>
<!-- Generated by org.testng.reporters.JUnitXMLReporter -->
<testsuite hostname="GANGADHAR-PC" name="Failure Test" tests="1" failures="1" timestamp="20 Sep 2019 10:12:41 GMT" time="0.005" errors="0">
  <testcase name="doLogin" time="0.002" classname="testcases.TestFailure">
    <failure type="java.lang.AssertionError" message="Failing the login test">
      <![CDATA[java.lang.AssertionError: Failing the login test
	at testcases.TestFailure.doLogin(TestFailure.java:10)
... Removed 26 stack frames]]>
    </failure>
  </testcase> <!-- doLogin -->
</testsuite> <!-- Failure Test -->
